{"/home/hevo/dev/accenture/__tests__/db-handler.js": {"path":"/home/hevo/dev/accenture/__tests__/db-handler.js","statementMap":{"0":{"start":{"line":4,"column":15},"end":{"line":4,"column":38}},"1":{"start":{"line":9,"column":0},"end":{"line":19,"column":1}},"2":{"start":{"line":10,"column":14},"end":{"line":10,"column":35}},"3":{"start":{"line":12,"column":23},"end":{"line":16,"column":3}},"4":{"start":{"line":18,"column":2},"end":{"line":18,"column":44}},"5":{"start":{"line":24,"column":0},"end":{"line":28,"column":1}},"6":{"start":{"line":25,"column":2},"end":{"line":25,"column":43}},"7":{"start":{"line":26,"column":2},"end":{"line":26,"column":36}},"8":{"start":{"line":27,"column":2},"end":{"line":27,"column":22}},"9":{"start":{"line":33,"column":0},"end":{"line":40,"column":1}},"10":{"start":{"line":34,"column":22},"end":{"line":34,"column":53}},"11":{"start":{"line":36,"column":2},"end":{"line":39,"column":3}},"12":{"start":{"line":37,"column":23},"end":{"line":37,"column":39}},"13":{"start":{"line":38,"column":4},"end":{"line":38,"column":34}}},"fnMap":{"0":{"name":"(anonymous_0)","decl":{"start":{"line":9,"column":25},"end":{"line":9,"column":26}},"loc":{"start":{"line":9,"column":37},"end":{"line":19,"column":1}},"line":9},"1":{"name":"(anonymous_1)","decl":{"start":{"line":24,"column":31},"end":{"line":24,"column":32}},"loc":{"start":{"line":24,"column":43},"end":{"line":28,"column":1}},"line":24},"2":{"name":"(anonymous_2)","decl":{"start":{"line":33,"column":31},"end":{"line":33,"column":32}},"loc":{"start":{"line":33,"column":43},"end":{"line":40,"column":1}},"line":33}},"branchMap":{},"s":{"0":2,"1":2,"2":2,"3":2,"4":2,"5":2,"6":2,"7":2,"8":2,"9":2,"10":6,"11":6,"12":6,"13":6},"f":{"0":2,"1":2,"2":6},"b":{},"_coverageSchema":"1a1c01bbd47fc00a2c39e90264f33305004495a9","hash":"a1d60c79ca004736728fe92cbae89f9d743dc768"}
,"/home/hevo/dev/accenture/src/app.js": {"path":"/home/hevo/dev/accenture/src/app.js","statementMap":{"0":{"start":{"line":8,"column":0},"end":{"line":8,"column":76}},"1":{"start":{"line":12,"column":4},"end":{"line":12,"column":33}},"2":{"start":{"line":14,"column":4},"end":{"line":14,"column":23}},"3":{"start":{"line":15,"column":4},"end":{"line":15,"column":20}},"4":{"start":{"line":16,"column":4},"end":{"line":16,"column":18}},"5":{"start":{"line":20,"column":4},"end":{"line":20,"column":29}},"6":{"start":{"line":21,"column":4},"end":{"line":21,"column":40}},"7":{"start":{"line":26,"column":4},"end":{"line":28,"column":5}},"8":{"start":{"line":27,"column":6},"end":{"line":27,"column":25}},"9":{"start":{"line":32,"column":4},"end":{"line":32,"column":29}},"10":{"start":{"line":36,"column":0},"end":{"line":36,"column":35}}},"fnMap":{"0":{"name":"(anonymous_0)","decl":{"start":{"line":11,"column":2},"end":{"line":11,"column":3}},"loc":{"start":{"line":11,"column":16},"end":{"line":17,"column":3}},"line":11},"1":{"name":"(anonymous_1)","decl":{"start":{"line":19,"column":2},"end":{"line":19,"column":3}},"loc":{"start":{"line":19,"column":17},"end":{"line":22,"column":3}},"line":19},"2":{"name":"(anonymous_2)","decl":{"start":{"line":24,"column":2},"end":{"line":24,"column":3}},"loc":{"start":{"line":24,"column":14},"end":{"line":29,"column":3}},"line":24},"3":{"name":"(anonymous_3)","decl":{"start":{"line":31,"column":2},"end":{"line":31,"column":3}},"loc":{"start":{"line":31,"column":11},"end":{"line":33,"column":3}},"line":31}},"branchMap":{"0":{"loc":{"start":{"line":8,"column":14},"end":{"line":8,"column":74}},"type":"cond-expr","locations":[{"start":{"line":8,"column":54},"end":{"line":8,"column":60}},{"start":{"line":8,"column":63},"end":{"line":8,"column":74}}],"line":8},"1":{"loc":{"start":{"line":26,"column":4},"end":{"line":28,"column":5}},"type":"if","locations":[{"start":{"line":26,"column":4},"end":{"line":28,"column":5}},{"start":{"line":26,"column":4},"end":{"line":28,"column":5}}],"line":26}},"s":{"0":1,"1":1,"2":1,"3":1,"4":1,"5":1,"6":1,"7":1,"8":0,"9":1,"10":1},"f":{"0":1,"1":1,"2":1,"3":1},"b":{"0":[0,1],"1":[0,1]},"_coverageSchema":"1a1c01bbd47fc00a2c39e90264f33305004495a9","hash":"6ad1bfbc19f71d9a86d7f55e40e013930c9d71ee"}
,"/home/hevo/dev/accenture/src/app/controllers/AuthController.js": {"path":"/home/hevo/dev/accenture/src/app/controllers/AuthController.js","statementMap":{"0":{"start":{"line":5,"column":46},"end":{"line":5,"column":54}},"1":{"start":{"line":7,"column":4},"end":{"line":9,"column":5}},"2":{"start":{"line":8,"column":6},"end":{"line":8,"column":66}},"3":{"start":{"line":11,"column":4},"end":{"line":13,"column":5}},"4":{"start":{"line":12,"column":6},"end":{"line":12,"column":64}},"5":{"start":{"line":15,"column":4},"end":{"line":17,"column":5}},"6":{"start":{"line":16,"column":6},"end":{"line":16,"column":65}},"7":{"start":{"line":19,"column":20},"end":{"line":19,"column":63}},"8":{"start":{"line":21,"column":4},"end":{"line":25,"column":5}},"9":{"start":{"line":22,"column":6},"end":{"line":22,"column":27}},"10":{"start":{"line":24,"column":6},"end":{"line":24,"column":70}},"11":{"start":{"line":27,"column":18},"end":{"line":27,"column":47}},"12":{"start":{"line":29,"column":4},"end":{"line":38,"column":7}},"13":{"start":{"line":42,"column":29},"end":{"line":42,"column":37}},"14":{"start":{"line":44,"column":17},"end":{"line":44,"column":46}},"15":{"start":{"line":46,"column":4},"end":{"line":48,"column":5}},"16":{"start":{"line":47,"column":6},"end":{"line":47,"column":79}},"17":{"start":{"line":50,"column":4},"end":{"line":52,"column":5}},"18":{"start":{"line":51,"column":6},"end":{"line":51,"column":79}},"19":{"start":{"line":54,"column":18},"end":{"line":54,"column":44}},"20":{"start":{"line":56,"column":4},"end":{"line":56,"column":33}},"21":{"start":{"line":58,"column":4},"end":{"line":67,"column":7}},"22":{"start":{"line":71,"column":0},"end":{"line":71,"column":38}}},"fnMap":{"0":{"name":"(anonymous_0)","decl":{"start":{"line":4,"column":2},"end":{"line":4,"column":3}},"loc":{"start":{"line":4,"column":26},"end":{"line":39,"column":3}},"line":4},"1":{"name":"(anonymous_1)","decl":{"start":{"line":41,"column":2},"end":{"line":41,"column":3}},"loc":{"start":{"line":41,"column":26},"end":{"line":68,"column":3}},"line":41}},"branchMap":{"0":{"loc":{"start":{"line":7,"column":4},"end":{"line":9,"column":5}},"type":"if","locations":[{"start":{"line":7,"column":4},"end":{"line":9,"column":5}},{"start":{"line":7,"column":4},"end":{"line":9,"column":5}}],"line":7},"1":{"loc":{"start":{"line":11,"column":4},"end":{"line":13,"column":5}},"type":"if","locations":[{"start":{"line":11,"column":4},"end":{"line":13,"column":5}},{"start":{"line":11,"column":4},"end":{"line":13,"column":5}}],"line":11},"2":{"loc":{"start":{"line":15,"column":4},"end":{"line":17,"column":5}},"type":"if","locations":[{"start":{"line":15,"column":4},"end":{"line":17,"column":5}},{"start":{"line":15,"column":4},"end":{"line":17,"column":5}}],"line":15},"3":{"loc":{"start":{"line":46,"column":4},"end":{"line":48,"column":5}},"type":"if","locations":[{"start":{"line":46,"column":4},"end":{"line":48,"column":5}},{"start":{"line":46,"column":4},"end":{"line":48,"column":5}}],"line":46},"4":{"loc":{"start":{"line":50,"column":4},"end":{"line":52,"column":5}},"type":"if","locations":[{"start":{"line":50,"column":4},"end":{"line":52,"column":5}},{"start":{"line":50,"column":4},"end":{"line":52,"column":5}}],"line":50}},"s":{"0":2,"1":2,"2":0,"3":2,"4":0,"5":2,"6":0,"7":2,"8":2,"9":2,"10":1,"11":1,"12":1,"13":3,"14":3,"15":3,"16":1,"17":2,"18":0,"19":2,"20":2,"21":2,"22":1},"f":{"0":2,"1":3},"b":{"0":[0,2],"1":[0,2],"2":[0,2],"3":[1,2],"4":[0,2]},"_coverageSchema":"1a1c01bbd47fc00a2c39e90264f33305004495a9","hash":"e845859c91106123c8044eef32bb02c5ccf2f0fe"}
,"/home/hevo/dev/accenture/src/app/models/User.js": {"path":"/home/hevo/dev/accenture/src/app/models/User.js","statementMap":{"0":{"start":{"line":10,"column":0},"end":{"line":23,"column":3}},"1":{"start":{"line":11,"column":15},"end":{"line":11,"column":19}},"2":{"start":{"line":14,"column":2},"end":{"line":16,"column":3}},"3":{"start":{"line":15,"column":4},"end":{"line":15,"column":18}},"4":{"start":{"line":19,"column":2},"end":{"line":19,"column":75}},"5":{"start":{"line":22,"column":2},"end":{"line":22,"column":34}},"6":{"start":{"line":30,"column":0},"end":{"line":32,"column":2}},"7":{"start":{"line":31,"column":2},"end":{"line":31,"column":43}},"8":{"start":{"line":38,"column":0},"end":{"line":40,"column":2}},"9":{"start":{"line":39,"column":2},"end":{"line":39,"column":59}},"10":{"start":{"line":46,"column":0},"end":{"line":51,"column":2}},"11":{"start":{"line":47,"column":2},"end":{"line":50,"column":4}},"12":{"start":{"line":53,"column":0},"end":{"line":53,"column":56}}},"fnMap":{"0":{"name":"(anonymous_0)","decl":{"start":{"line":10,"column":23},"end":{"line":10,"column":24}},"loc":{"start":{"line":10,"column":44},"end":{"line":23,"column":1}},"line":10},"1":{"name":"(anonymous_1)","decl":{"start":{"line":30,"column":35},"end":{"line":30,"column":36}},"loc":{"start":{"line":30,"column":51},"end":{"line":32,"column":1}},"line":30},"2":{"name":"(anonymous_2)","decl":{"start":{"line":38,"column":35},"end":{"line":38,"column":36}},"loc":{"start":{"line":38,"column":46},"end":{"line":40,"column":1}},"line":38},"3":{"name":"(anonymous_3)","decl":{"start":{"line":46,"column":37},"end":{"line":46,"column":38}},"loc":{"start":{"line":46,"column":54},"end":{"line":51,"column":1}},"line":46}},"branchMap":{"0":{"loc":{"start":{"line":14,"column":2},"end":{"line":16,"column":3}},"type":"if","locations":[{"start":{"line":14,"column":2},"end":{"line":16,"column":3}},{"start":{"line":14,"column":2},"end":{"line":16,"column":3}}],"line":14},"1":{"loc":{"start":{"line":19,"column":45},"end":{"line":19,"column":73}},"type":"binary-expr","locations":[{"start":{"line":19,"column":45},"end":{"line":19,"column":68}},{"start":{"line":19,"column":72},"end":{"line":19,"column":73}}],"line":19}},"s":{"0":2,"1":6,"2":6,"3":0,"4":6,"5":6,"6":2,"7":2,"8":2,"9":3,"10":2,"11":2,"12":2},"f":{"0":6,"1":2,"2":3,"3":2},"b":{"0":[0,6],"1":[6,6]},"_coverageSchema":"1a1c01bbd47fc00a2c39e90264f33305004495a9","hash":"dfffe3154ef34be7eddcd60707c49e7390a4d3db"}
,"/home/hevo/dev/accenture/src/database/index.js": {"path":"/home/hevo/dev/accenture/src/database/index.js","statementMap":{"0":{"start":{"line":5,"column":18},"end":{"line":5,"column":86}},"1":{"start":{"line":6,"column":41},"end":{"line":6,"column":58}},"2":{"start":{"line":14,"column":4},"end":{"line":14,"column":101}},"3":{"start":{"line":15,"column":4},"end":{"line":19,"column":5}},"4":{"start":{"line":21,"column":4},"end":{"line":21,"column":31}},"5":{"start":{"line":29,"column":4},"end":{"line":33,"column":5}},"6":{"start":{"line":30,"column":6},"end":{"line":30,"column":52}},"7":{"start":{"line":32,"column":6},"end":{"line":32,"column":73}},"8":{"start":{"line":41,"column":4},"end":{"line":41,"column":32}},"9":{"start":{"line":45,"column":0},"end":{"line":45,"column":32}}},"fnMap":{"0":{"name":"(anonymous_0)","decl":{"start":{"line":13,"column":2},"end":{"line":13,"column":3}},"loc":{"start":{"line":13,"column":24},"end":{"line":22,"column":3}},"line":13},"1":{"name":"(anonymous_1)","decl":{"start":{"line":28,"column":2},"end":{"line":28,"column":3}},"loc":{"start":{"line":28,"column":12},"end":{"line":34,"column":3}},"line":28},"2":{"name":"(anonymous_2)","decl":{"start":{"line":40,"column":2},"end":{"line":40,"column":3}},"loc":{"start":{"line":40,"column":15},"end":{"line":42,"column":3}},"line":40}},"branchMap":{"0":{"loc":{"start":{"line":5,"column":18},"end":{"line":5,"column":86}},"type":"cond-expr","locations":[{"start":{"line":5,"column":58},"end":{"line":5,"column":70}},{"start":{"line":5,"column":73},"end":{"line":5,"column":86}}],"line":5},"1":{"loc":{"start":{"line":15,"column":19},"end":{"line":19,"column":5}},"type":"binary-expr","locations":[{"start":{"line":15,"column":19},"end":{"line":15,"column":26}},{"start":{"line":15,"column":30},"end":{"line":19,"column":5}}],"line":15}},"s":{"0":1,"1":1,"2":1,"3":1,"4":1,"5":0,"6":0,"7":0,"8":0,"9":1},"f":{"0":1,"1":0,"2":0},"b":{"0":[0,1],"1":[1,1]},"_coverageSchema":"1a1c01bbd47fc00a2c39e90264f33305004495a9","hash":"cc204cec5a04170b913bc218637e8f1b8a3fbaea"}
}
