{"/home/hevo/dev/accenture/src/app.js": {"path":"/home/hevo/dev/accenture/src/app.js","statementMap":{"0":{"start":{"line":8,"column":0},"end":{"line":10,"column":2}},"1":{"start":{"line":14,"column":4},"end":{"line":14,"column":33}},"2":{"start":{"line":16,"column":4},"end":{"line":16,"column":23}},"3":{"start":{"line":17,"column":4},"end":{"line":17,"column":20}},"4":{"start":{"line":18,"column":4},"end":{"line":18,"column":18}},"5":{"start":{"line":22,"column":4},"end":{"line":22,"column":29}},"6":{"start":{"line":23,"column":4},"end":{"line":23,"column":40}},"7":{"start":{"line":28,"column":4},"end":{"line":30,"column":5}},"8":{"start":{"line":29,"column":6},"end":{"line":29,"column":54}},"9":{"start":{"line":34,"column":4},"end":{"line":34,"column":29}},"10":{"start":{"line":38,"column":0},"end":{"line":38,"column":35}}},"fnMap":{"0":{"name":"(anonymous_0)","decl":{"start":{"line":13,"column":2},"end":{"line":13,"column":3}},"loc":{"start":{"line":13,"column":16},"end":{"line":19,"column":3}},"line":13},"1":{"name":"(anonymous_1)","decl":{"start":{"line":21,"column":2},"end":{"line":21,"column":3}},"loc":{"start":{"line":21,"column":17},"end":{"line":24,"column":3}},"line":21},"2":{"name":"(anonymous_2)","decl":{"start":{"line":26,"column":2},"end":{"line":26,"column":3}},"loc":{"start":{"line":26,"column":14},"end":{"line":31,"column":3}},"line":26},"3":{"name":"(anonymous_3)","decl":{"start":{"line":33,"column":2},"end":{"line":33,"column":3}},"loc":{"start":{"line":33,"column":11},"end":{"line":35,"column":3}},"line":33}},"branchMap":{"0":{"loc":{"start":{"line":9,"column":8},"end":{"line":9,"column":71}},"type":"cond-expr","locations":[{"start":{"line":9,"column":48},"end":{"line":9,"column":54}},{"start":{"line":9,"column":57},"end":{"line":9,"column":71}}],"line":9},"1":{"loc":{"start":{"line":28,"column":4},"end":{"line":30,"column":5}},"type":"if","locations":[{"start":{"line":28,"column":4},"end":{"line":30,"column":5}},{"start":{"line":28,"column":4},"end":{"line":30,"column":5}}],"line":28}},"s":{"0":1,"1":1,"2":1,"3":1,"4":1,"5":1,"6":1,"7":1,"8":0,"9":1,"10":1},"f":{"0":1,"1":1,"2":1,"3":1},"b":{"0":[0,1],"1":[0,1]},"_coverageSchema":"1a1c01bbd47fc00a2c39e90264f33305004495a9","hash":"3c00c7b8e8030e9fdaeb509c48f02389270986eb"}
,"/home/hevo/dev/accenture/src/database/index.js": {"path":"/home/hevo/dev/accenture/src/database/index.js","statementMap":{"0":{"start":{"line":10,"column":4},"end":{"line":10,"column":24}},"1":{"start":{"line":11,"column":4},"end":{"line":15,"column":6}},"2":{"start":{"line":17,"column":4},"end":{"line":17,"column":31}},"3":{"start":{"line":25,"column":4},"end":{"line":29,"column":5}},"4":{"start":{"line":26,"column":6},"end":{"line":26,"column":52}},"5":{"start":{"line":28,"column":6},"end":{"line":28,"column":73}},"6":{"start":{"line":37,"column":4},"end":{"line":37,"column":32}}},"fnMap":{"0":{"name":"(anonymous_0)","decl":{"start":{"line":9,"column":2},"end":{"line":9,"column":3}},"loc":{"start":{"line":9,"column":29},"end":{"line":18,"column":3}},"line":9},"1":{"name":"(anonymous_1)","decl":{"start":{"line":24,"column":2},"end":{"line":24,"column":3}},"loc":{"start":{"line":24,"column":12},"end":{"line":30,"column":3}},"line":24},"2":{"name":"(anonymous_2)","decl":{"start":{"line":36,"column":2},"end":{"line":36,"column":3}},"loc":{"start":{"line":36,"column":15},"end":{"line":38,"column":3}},"line":36}},"branchMap":{"0":{"loc":{"start":{"line":11,"column":19},"end":{"line":15,"column":5}},"type":"binary-expr","locations":[{"start":{"line":11,"column":19},"end":{"line":11,"column":26}},{"start":{"line":11,"column":30},"end":{"line":15,"column":5}}],"line":11}},"s":{"0":0,"1":0,"2":0,"3":0,"4":0,"5":0,"6":0},"f":{"0":0,"1":0,"2":0},"b":{"0":[0,0]},"_coverageSchema":"1a1c01bbd47fc00a2c39e90264f33305004495a9","hash":"d4c8d4e9c3febc35a357379e23eb672980d4d383"}
}
