TN:
SF:__tests__/db-handler.js
FN:9,(anonymous_0)
FN:24,(anonymous_1)
FN:33,(anonymous_2)
FNF:3
FNH:3
FNDA:2,(anonymous_0)
FNDA:2,(anonymous_1)
FNDA:7,(anonymous_2)
DA:4,2
DA:9,2
DA:10,2
DA:12,2
DA:18,2
DA:24,2
DA:25,2
DA:26,2
DA:27,2
DA:33,2
DA:34,7
DA:36,7
DA:37,7
DA:38,7
LF:14
LH:14
BRF:0
BRH:0
end_of_record
TN:
SF:src/routes.js
FNF:0
FNH:0
DA:6,1
DA:8,1
DA:10,1
DA:12,1
DA:14,1
DA:16,1
LF:6
LH:6
BRF:0
BRH:0
end_of_record
TN:
SF:src/app/controllers/AuthController.js
FN:4,(anonymous_0)
FN:41,(anonymous_1)
FNF:2
FNH:2
FNDA:2,(anonymous_0)
FNDA:3,(anonymous_1)
DA:5,2
DA:7,2
DA:8,0
DA:11,2
DA:12,0
DA:15,2
DA:16,0
DA:19,2
DA:21,2
DA:22,2
DA:24,1
DA:27,1
DA:29,1
DA:42,3
DA:44,3
DA:46,3
DA:47,1
DA:50,2
DA:51,0
DA:54,2
DA:56,2
DA:58,2
DA:71,1
LF:23
LH:19
BRDA:7,0,0,0
BRDA:7,0,1,2
BRDA:11,1,0,0
BRDA:11,1,1,2
BRDA:15,2,0,0
BRDA:15,2,1,2
BRDA:46,3,0,1
BRDA:46,3,1,2
BRDA:50,4,0,0
BRDA:50,4,1,2
BRF:10
BRH:6
end_of_record
TN:
SF:src/app/controllers/UserController.js
FN:4,(anonymous_0)
FNF:1
FNH:0
FNDA:0,(anonymous_0)
DA:5,0
DA:7,0
DA:9,0
DA:10,0
DA:13,0
DA:14,0
DA:17,0
DA:19,0
DA:20,0
DA:23,0
DA:35,1
LF:11
LH:1
BRDA:9,0,0,0
BRDA:9,0,1,0
BRDA:13,1,0,0
BRDA:13,1,1,0
BRDA:19,2,0,0
BRDA:19,2,1,0
BRF:6
BRH:0
end_of_record
TN:
SF:src/app/middleware/auth.js
FN:7,(anonymous_0)
FNF:1
FNH:0
FNDA:0,(anonymous_0)
DA:7,1
DA:8,0
DA:10,0
DA:11,0
DA:14,0
DA:15,0
DA:18,0
DA:20,0
DA:22,0
DA:24,0
DA:26,0
DA:28,0
LF:12
LH:1
BRDA:10,0,0,0
BRDA:10,0,1,0
BRDA:14,1,0,0
BRDA:14,1,1,0
BRF:4
BRH:0
end_of_record
TN:
SF:src/app/models/User.js
FN:10,(anonymous_0)
FN:30,(anonymous_1)
FN:38,(anonymous_2)
FN:46,(anonymous_3)
FN:55,(anonymous_4)
FNF:5
FNH:5
FNDA:6,(anonymous_0)
FNDA:2,(anonymous_1)
FNDA:3,(anonymous_2)
FNDA:2,(anonymous_3)
FNDA:1,(anonymous_4)
DA:10,2
DA:11,6
DA:14,6
DA:15,0
DA:19,6
DA:22,6
DA:30,2
DA:31,2
DA:38,2
DA:39,3
DA:46,2
DA:47,2
DA:55,2
DA:56,1
DA:57,1
DA:58,1
DA:59,1
DA:62,2
LF:18
LH:17
BRDA:14,0,0,0
BRDA:14,0,1,6
BRDA:19,1,0,6
BRDA:19,1,1,6
BRF:4
BRH:3
end_of_record
TN:
SF:src/database/schemas/User.js
FNF:0
FNH:0
DA:3,2
DA:31,2
DA:33,2
LF:3
LH:3
BRF:0
BRH:0
end_of_record
